<?xml version="1.0" encoding="UTF-8"?>
<!-- Generated by org.testng.reporters.JUnitReportReporter -->
<testsuite skipped="0" hostname="DESKTOP-CVGVGU4" name="TestCases.walmartSignInTest" tests="1" failures="0" timestamp="06 Jul 2017 18:12:17 GMT" time="8.378" errors="0">
  <testcase name="toSignInTest" time="8.378" classname="TestCases.walmartSignInTest"/>
</testsuite> <!-- TestCases.walmartSignInTest -->
